
--- Job LEGO.gms Start 06/27/25 13:04:14 49.3.0 7de46a92 WEX-WEI x86 64bit/MS Windows
--- Applying:
    C:\GAMS\49\gmsprmNT.txt
--- GAMS Parameters defined
    Input C:\GIT\LEGO-Pyomo\LEGO-GAMS\LEGO.gms
    PageSize 0
    ScrDir C:\GIT\LEGO-Pyomo\LEGO-GAMS\225c\
    SysDir C:\GAMS\49\
    LogOption 3
    ErrMsg 1
    Reference C:\GIT\LEGO-Pyomo\LEGO-GAMS\LEGO.ref
    ErrorLog 99
    IDE 1
    GDX C:\GIT\LEGO-Pyomo\LEGO-GAMS\LEGO.gdx
    LstTitleLeftAligned 1
    --scenarioFolder C:\GIT\LEGO-Pyomo\data\example
Licensee: Udo Bachhiesl, Single User License             S250130|0002AO-GEN
          Technische Universitaet Graz, Elektrizitaetswirtschaft und DC9597
          C:\Users\Stephan\Documents\GAMS\gamslice.txt
          bachhiesl@tugraz.at                                              
          The maintenance period of the license will expire on Apr 25, 2026
System information: 12 physical cores and 32 Gb memory detected
GAMS 49.3.0   Copyright (C) 1987-2025 GAMS Development. All rights reserved
--- Starting compilation
Scenario folder defined: C:\GIT\LEGO-Pyomo\data\example
Reading Global_Parameters.xlsx
--- LEGO.gms(586) 3 Mb
--- Initialize embedded library embconnectcclib64.dll
--- Execute embedded library embconnectcclib64.dll
--- LEGO.gms(587) 3 Mb
Global parameters:
pEnablePower = 1
pEnableGas = 1
pEnableHeat = 1
pEnableH2 = 0
Reading Power_Parameters.xlsx
--- LEGO.gms(833) 3 Mb
--- Initialize embedded library embconnectcclib64.dll
--- Execute embedded library embconnectcclib64.dll
--- LEGO.gms(834) 3 Mb
Power parameters:
pEnableZP = 0
Reading Power_Zones.xlsx
--- LEGO.gms(860) 3 Mb
--- Initialize embedded library embconnectcclib64.dll
--- Execute embedded library embconnectcclib64.dll
Reading Power_Demand.xlsx
--- LEGO.gms(892) 3 Mb
--- Initialize embedded library embconnectcclib64.dll
--- Execute embedded library embconnectcclib64.dll
Reading Power_Tec.xlsx
--- LEGO.gms(913) 3 Mb
--- Initialize embedded library embconnectcclib64.dll
--- Execute embedded library embconnectcclib64.dll
Reading Power_ThermalGen.xlsx
--- LEGO.gms(961) 3 Mb
--- Initialize embedded library embconnectcclib64.dll
--- Execute embedded library embconnectcclib64.dll
--- LEGO.gms(962) 3 Mb
Reading Power_Storage.xlsx
--- LEGO.gms(1013) 3 Mb
--- Initialize embedded library embconnectcclib64.dll
--- Execute embedded library embconnectcclib64.dll
Reading Power_RoR.xlsx
--- LEGO.gms(1065) 3 Mb
--- Initialize embedded library embconnectcclib64.dll
--- Execute embedded library embconnectcclib64.dll
Reading Power_Inflows.xlsx
--- LEGO.gms(1087) 3 Mb
--- Initialize embedded library embconnectcclib64.dll
--- Execute embedded library embconnectcclib64.dll
Reading Power_VRES.xlsx
--- LEGO.gms(1135) 3 Mb
--- Initialize embedded library embconnectcclib64.dll
--- Execute embedded library embconnectcclib64.dll
--- LEGO.gms(1136) 3 Mb
Reading Power_VRESProfiles.xlsx
--- LEGO.gms(1168) 3 Mb
--- Initialize embedded library embconnectcclib64.dll
--- Execute embedded library embconnectcclib64.dll
Reading Power_FACTS.xlsx
--- LEGO.gms(1220) 3 Mb
--- Initialize embedded library embconnectcclib64.dll
--- Execute embedded library embconnectcclib64.dll
Reading Power_WeightsRP.xlsx
--- LEGO.gms(1253) 3 Mb
--- Initialize embedded library embconnectcclib64.dll
--- Execute embedded library embconnectcclib64.dll
Reading Power_WeightsK.xlsx
--- LEGO.gms(1286) 3 Mb
--- Initialize embedded library embconnectcclib64.dll
--- Execute embedded library embconnectcclib64.dll
Reading Power_Hindex.xlsx
--- LEGO.gms(1319) 3 Mb
--- Initialize embedded library embconnectcclib64.dll
--- Execute embedded library embconnectcclib64.dll
--- LEGO.gms(1319) 4 Mb
Reading Power_Network.xlsx
--- LEGO.gms(1362) 4 Mb
--- Initialize embedded library embconnectcclib64.dll
--- Execute embedded library embconnectcclib64.dll
Reading Power_BusInfo.xlsx
--- LEGO.gms(1406) 4 Mb
--- Initialize embedded library embconnectcclib64.dll
--- Execute embedded library embconnectcclib64.dll
Reading Power_DSM.xlsx
--- LEGO.gms(1463) 4 Mb
--- Initialize embedded library embconnectcclib64.dll
--- Execute embedded library embconnectcclib64.dll
--- LEGO.gms(1464) 4 Mb
Reading Power_NTC.xlsx
Python Code to join helper Sets
--- LEGO.gms(1537) 4 Mb
--- Initialize embedded library embconnectcclib64.dll
--- Execute embedded library embconnectcclib64.dll
--- LEGO.gms(4093) 4 Mb
--- Starting execution: elapsed 0:00:02.982
--- LEGO.gms(3051) 9 Mb
--- Generating RMIQCP model LEGO
--- LEGO.gms(3052) 22 Mb
---   35,596 rows  24,540 columns  144,186 non-zeroes
---   14,112 nl-code  5,376 nl-non-zeroes
---   3,034 discrete-columns
--- Range statistics (absolute non-zero finite values)
--- RHS       [min, max] : [ 5.800E-04, 1.005E+03] - Zero values observed as well
--- Bound     [min, max] : [ 5.800E-04, 2.900E+02] - Zero values observed as well
--- Matrix    [min, max] : [ 8.080E-03, 2.700E+03] - Zero values observed as well
--- LEGO.gms(3052) 20 Mb
--- Executing CPLEX (Solvelink=2): elapsed 0:00:03.621

IBM ILOG CPLEX   49.3.0 7de46a92 Mar 18, 2025          WEI x86 64bit/MS Window

--- GAMS/CPLEX licensed for continuous and discrete problems.

Reading parameter(s) from "C:\GIT\LEGO-Pyomo\LEGO-GAMS\cplex.opt"
>> 
>>  IIS 1
>>  rinsheur 1000
>>  writemps LEGO-GAMS.mps
Finished reading from "C:\GIT\LEGO-Pyomo\LEGO-GAMS\cplex.opt"

--- GMO Q Extraction (ThreePass): 0.01s
--- GMO setup time: 0.01s
--- Space for names approximately 2.47 Mb
--- Use option 'names no' to turn use of names off
--- GMO memory 17.63 Mb (peak 17.74 Mb)
--- Dictionary memory 0.00 Mb
--- Cplex 22.1.2.0 link memory 0.88 Mb (peak 5.46 Mb)
--- Starting Cplex

Version identifier: 22.1.2.0 | 2024-11-25 | 0edbb82fd
CPXPARAM_Advance                                 0
CPXPARAM_Threads                                 15
CPXPARAM_Parallel                                1
CPXPARAM_MIP_Display                             4
CPXPARAM_MIP_Pool_Capacity                       0
CPXPARAM_MIP_Strategy_RINSHeur                   1000
CPXPARAM_TimeLimit                               43200
CPXPARAM_MIP_Tolerances_AbsMIPGap                0
CPXPARAM_MIP_Tolerances_MIPGap                   0.01
Tried aggregator 1 time.
QCP Presolve eliminated 4086 rows and 765 columns.
Aggregator did 3195 substitutions.
Reduced QCP has 50406 rows, 27300 columns, and 152174 nonzeros.
Reduced QCP has 2856 quadratic constraints.
Presolve time = 0.03 sec. (42.43 ticks)
Parallel mode: using up to 15 threads for barrier.

***NOTE: Found 7 dense columns.

Number of nonzeros in lower triangle of A*A' = 439280
Using Approximate Minimum Degree ordering
Total time for automatic ordering = 0.02 sec. (32.78 ticks)
Summary statistics for Cholesky factor:
  Threads                   = 15
  Rows in Factor            = 50413
  Integer space required    = 192143
  Total non-zeros in factor = 1266008
  Total FP ops to factor    = 81531738
 Itn      Primal Obj        Dual Obj  Prim Inf Upper Inf  Dual Inf Inf Ratio
   0   1.8718796e+06   3.1594794e+04  9.07e+04  0.00e+00  1.89e+06  1.00e+00
   1   1.8553202e+06   1.5389909e+04  9.07e+04  0.00e+00  1.89e+06  7.39e-01
   2   1.8018972e+06  -3.6580339e+04  9.07e+04  0.00e+00  1.89e+06  3.64e-01
   3   1.6419420e+06  -1.9092548e+05  9.06e+04  0.00e+00  1.89e+06  1.42e-01
   4   8.4471998e+05  -9.4406095e+05  9.03e+04  0.00e+00  1.88e+06  3.55e-02
   5   6.7843336e+05  -9.7292707e+05  8.81e+04  0.00e+00  1.84e+06  3.04e-02
   6   4.8362581e+05  -8.1802416e+05  8.14e+04  0.00e+00  1.70e+06  3.32e-02
   7   2.8931113e+05  -3.7576748e+05  6.41e+04  0.00e+00  1.34e+06  7.53e-02
   8   1.3535373e+05  -1.7330876e+05  3.28e+04  0.00e+00  6.84e+05  1.74e-01
   9   9.6989335e+04  -1.1603797e+05  1.52e+04  0.00e+00  3.17e+05  2.38e-01
  10   8.7621453e+04  -9.6870258e+04  1.05e+04  0.00e+00  2.19e+05  2.68e-01
  11   7.4014307e+04  -6.5224933e+04  9.09e+03  0.00e+00  1.90e+05  3.46e-01
  12   6.7872079e+04  -4.9816914e+04  6.86e+03  0.00e+00  1.43e+05  4.03e-01
  13   5.9781480e+04  -2.6767802e+04  5.80e+03  0.00e+00  1.21e+05  5.37e-01
  14   5.5802915e+04  -1.4396154e+04  4.26e+03  0.00e+00  8.90e+04  6.54e-01
  15   4.6359138e+04   2.3324162e+04  3.46e+03  0.00e+00  7.22e+04  1.97e+00
  16   4.4288073e+04   3.5965515e+04  1.14e+03  0.00e+00  2.37e+04  5.57e+00
  17   4.3516447e+04   3.7951118e+04  4.10e+02  0.00e+00  8.55e+03  8.31e+00
  18   4.3026435e+04   3.9882288e+04  2.74e+02  0.00e+00  5.72e+03  1.48e+01
  19   4.2870719e+04   4.1155349e+04  1.55e+02  0.00e+00  3.23e+03  2.72e+01
  20   4.2825616e+04   4.1538936e+04  8.45e+01  0.00e+00  1.76e+03  3.65e+01
  21   4.2734185e+04   4.2135585e+04  6.34e+01  0.00e+00  1.32e+03  7.93e+01
  22   4.2716100e+04   4.2200484e+04  2.95e+01  0.00e+00  6.15e+02  9.25e+01
  23   4.2660242e+04   4.2436204e+04  2.54e+01  0.00e+00  5.30e+02  2.17e+02
  24   4.2637998e+04   4.2520325e+04  1.10e+01  0.00e+00  2.30e+02  4.20e+02
  25   4.2624030e+04   4.2568106e+04  5.80e+00  0.00e+00  1.21e+02  8.96e+02
  26   4.2617791e+04   4.2588495e+04  2.76e+00  0.00e+00  5.75e+01  1.73e+03
  27   4.2614700e+04   4.2598393e+04  1.44e+00  0.00e+00  3.01e+01  3.14e+03
  28   4.2612212e+04   4.2605740e+04  8.04e-01  0.00e+00  1.68e+01  8.10e+03
  29   4.2611257e+04   4.2608187e+04  3.19e-01  0.00e+00  6.65e+00  1.72e+04
  30   4.2610980e+04   4.2609053e+04  1.51e-01  0.00e+00  3.16e+00  2.75e+04
  31   4.2610688e+04   4.2609843e+04  9.50e-02  0.00e+00  1.98e+00  6.31e+04
  32   4.2610544e+04   4.2610279e+04  4.16e-02  0.00e+00  8.68e-01  2.03e+05
  33   4.2610502e+04   4.2610404e+04  1.31e-02  0.00e+00  2.72e-01  5.52e+05
  34   4.2610490e+04   4.2610439e+04  4.82e-03  0.00e+00  1.01e-01  1.05e+06
  35   4.2610487e+04   4.2610449e+04  2.54e-03  0.00e+00  5.29e-02  1.40e+06
  36   4.2610486e+04   4.2610453e+04  1.90e-03  0.00e+00  3.97e-02  1.63e+06
  37   4.2610483e+04   4.2610462e+04  1.64e-03  0.00e+00  3.41e-02  2.48e+06
  38   4.2610481e+04   4.2610470e+04  1.08e-03  0.00e+00  2.25e-02  5.09e+06
  39   4.2610480e+04   4.2610474e+04  5.27e-04  0.00e+00  1.10e-02  8.71e+06
  40   4.2610479e+04   4.2610477e+04  3.08e-04  0.00e+00  6.43e-03  2.62e+07
  41   4.2610479e+04   4.2610478e+04  1.03e-04  0.00e+00  2.14e-03  1.76e+08

--- QCP status (1): optimal.
--- Cplex Time: 1.58sec (det. 1908.86 ticks)

--- Computing dual multipliers for quadratic constraints...
--- Dual multiplier computation can be disabled using 'calcqcpduals = 0'.

Optimal solution found
Objective:        42610.478506

--- Reading solution for model LEGO
--- Executing after solve: elapsed 0:00:06.114
--- LEGO.gms(3068) 20 Mb
--- Putfile GOPT C:\GIT\LEGO-Pyomo\LEGO-GAMS\gurobi.opt
--- Putfile COPT C:\GIT\LEGO-Pyomo\LEGO-GAMS\cplex.opt
--- RefFile C:\GIT\LEGO-Pyomo\LEGO-GAMS\LEGO.ref
--- GDX File C:\GIT\LEGO-Pyomo\LEGO-GAMS\LEGO.gdx
--- Profile Summary (10 records processed)
     2.337   0.020GB      3052 Solver     LEGO
     0.422   0.016GB      1952 Equation   eStInterRes (156)
     0.156   0.020GB      3052 Solve Read LEGO
     0.078   0.012GB      1768 Equation   eTotalVCost (1)
     0.078   0.020GB      3052 Solve Fini LEGO (144186)
     0.016   0.018GB      2226 Equation   eSOCP_BalanceQ (1512)
     0.016   0.020GB      2333 Equation   eSOCP_CanLinePji2 (504)
     0.015   0.016GB      1973 Equation   eStMaxIntraRes (504)
     0.015   0.021GB      2405 Equation   eSOCP_ExiLine (1008)
*** Status: Normal completion
--- Job LEGO.gms Stop 06/27/25 13:04:20 elapsed 0:00:06.217
